13:40:34.926 [ background-preinit ] INFO  o.h.validator.internal.util.Version13:40:34.938 [ main ] INFO  com.dayone.DividendApplication13:40:34.941 [ main ] INFO  com.dayone.DividendApplication13:40:36.782 [ main ] INFO  o.s.d.r.c.RepositoryConfigurationDelegate13:40:36.783 [ main ] INFO  o.s.d.r.c.RepositoryConfigurationDelegate13:40:36.925 [ main ] INFO  o.s.d.r.c.RepositoryConfigurationDelegate13:40:36.947 [ main ] INFO  o.s.d.r.c.RepositoryConfigurationDelegate13:40:36.948 [ main ] INFO  o.s.d.r.c.RepositoryConfigurationDelegate13:40:36.982 [ main ] INFO  o.s.d.r.c.RepositoryConfigurationExtensionSupport13:40:36.985 [ main ] INFO  o.s.d.r.c.RepositoryConfigurationExtensionSupport13:40:36.986 [ main ] INFO  o.s.d.r.c.RepositoryConfigurationExtensionSupport13:40:36.987 [ main ] INFO  o.s.d.r.c.RepositoryConfigurationDelegate13:40:37.747 [ main ] INFO  o.s.c.s.PostProcessorRegistrationDelegate$BeanPostProcessorChecker13:40:37.754 [ main ] INFO  o.s.c.s.PostProcessorRegistrationDelegate$BeanPostProcessorChecker13:40:38.435 [ main ] INFO  o.s.b.w.e.tomcat.TomcatWebServer13:40:38.495 [ main ] INFO  o.a.coyote.http11.Http11NioProtocol13:40:38.502 [ main ] INFO  o.a.catalina.core.StandardService13:40:38.504 [ main ] INFO  o.a.catalina.core.StandardEngine13:40:39.347 [ main ] INFO  o.a.c.c.C.[Tomcat].[localhost].[/]13:40:39.348 [ main ] INFO  o.s.b.w.s.c.ServletWebServerApplicationContext13:40:39.877 [ main ] INFO  com.zaxxer.hikari.HikariDataSource13:40:40.358 [ main ] INFO  com.zaxxer.hikari.HikariDataSource13:40:40.381 [ main ] INFO  o.s.b.a.h.H2ConsoleAutoConfiguration13:40:41.234 [ main ] INFO  o.h.jpa.internal.util.LogHelper13:40:41.514 [ main ] INFO  org.hibernate.Version13:40:43.027 [ main ] INFO  o.h.annotations.common.Version13:40:43.851 [ main ] INFO  org.hibernate.dialect.Dialect13:40:46.263 [ main ] INFO  o.h.e.t.j.p.i.JtaPlatformInitiator13:40:46.294 [ main ] INFO  o.s.o.j.LocalContainerEntityManagerFactoryBean13:40:47.616 [ main ] WARN  o.s.b.a.o.j.JpaBaseConfiguration$JpaWebConfiguration13:40:49.004 [ main ] INFO  o.s.s.web.DefaultSecurityFilterChain13:40:49.005 [ main ] INFO  o.s.s.web.DefaultSecurityFilterChain13:40:49.077 [ main ] INFO  o.s.s.web.DefaultSecurityFilterChain13:40:49.911 [ main ] INFO  o.a.coyote.http11.Http11NioProtocol13:40:49.953 [ main ] INFO  o.s.b.w.e.tomcat.TomcatWebServer13:40:50.296 [ main ] INFO  com.dayone.DividendApplication13:42:04.580 [ SpringApplicationShutdownHook ] INFO  o.s.o.j.LocalContainerEntityManagerFactoryBean13:42:04.584 [ SpringApplicationShutdownHook ] INFO  com.zaxxer.hikari.HikariDataSource13:42:04.588 [ SpringApplicationShutdownHook ] INFO  com.zaxxer.hikari.HikariDataSource13:42:13.997 [ background-preinit ] INFO  o.h.validator.internal.util.Version13:42:14.000 [ main ] INFO  com.dayone.DividendApplication13:42:14.005 [ main ] INFO  com.dayone.DividendApplication13:42:16.603 [ main ] INFO  o.s.d.r.c.RepositoryConfigurationDelegate13:42:16.605 [ main ] INFO  o.s.d.r.c.RepositoryConfigurationDelegate13:42:16.889 [ main ] INFO  o.s.d.r.c.RepositoryConfigurationDelegate13:42:16.916 [ main ] INFO  o.s.d.r.c.RepositoryConfigurationDelegate13:42:16.918 [ main ] INFO  o.s.d.r.c.RepositoryConfigurationDelegate13:42:16.954 [ main ] INFO  o.s.d.r.c.RepositoryConfigurationExtensionSupport13:42:16.956 [ main ] INFO  o.s.d.r.c.RepositoryConfigurationExtensionSupport13:42:16.957 [ main ] INFO  o.s.d.r.c.RepositoryConfigurationExtensionSupport13:42:16.957 [ main ] INFO  o.s.d.r.c.RepositoryConfigurationDelegate13:42:18.011 [ main ] INFO  o.s.c.s.PostProcessorRegistrationDelegate$BeanPostProcessorChecker13:42:18.028 [ main ] INFO  o.s.c.s.PostProcessorRegistrationDelegate$BeanPostProcessorChecker13:42:18.621 [ main ] INFO  o.s.b.w.e.tomcat.TomcatWebServer13:42:18.637 [ main ] INFO  o.a.coyote.http11.Http11NioProtocol13:42:18.638 [ main ] INFO  o.a.catalina.core.StandardService13:42:18.639 [ main ] INFO  o.a.catalina.core.StandardEngine13:42:18.916 [ main ] INFO  o.a.c.c.C.[Tomcat].[localhost].[/]13:42:18.916 [ main ] INFO  o.s.b.w.s.c.ServletWebServerApplicationContext13:42:18.985 [ main ] INFO  com.zaxxer.hikari.HikariDataSource13:42:19.172 [ main ] INFO  com.zaxxer.hikari.HikariDataSource13:42:19.186 [ main ] INFO  o.s.b.a.h.H2ConsoleAutoConfiguration13:42:19.535 [ main ] INFO  o.h.jpa.internal.util.LogHelper13:42:19.639 [ main ] INFO  org.hibernate.Version13:42:20.523 [ main ] INFO  o.h.annotations.common.Version13:42:21.886 [ main ] INFO  org.hibernate.dialect.Dialect13:42:26.005 [ main ] INFO  o.h.e.t.j.p.i.JtaPlatformInitiator13:42:26.039 [ main ] INFO  o.s.o.j.LocalContainerEntityManagerFactoryBean13:42:27.310 [ main ] WARN  o.s.b.a.o.j.JpaBaseConfiguration$JpaWebConfiguration13:42:29.641 [ main ] INFO  o.s.s.web.DefaultSecurityFilterChain13:42:29.642 [ main ] INFO  o.s.s.web.DefaultSecurityFilterChain13:42:29.818 [ main ] INFO  o.s.s.web.DefaultSecurityFilterChain13:42:31.275 [ main ] INFO  o.a.coyote.http11.Http11NioProtocol13:42:31.355 [ main ] INFO  o.s.b.w.e.tomcat.TomcatWebServer13:42:32.109 [ main ] INFO  com.dayone.DividendApplication13:45:25.516 [ SpringApplicationShutdownHook ] INFO  o.s.o.j.LocalContainerEntityManagerFactoryBean13:45:25.537 [ SpringApplicationShutdownHook ] INFO  com.zaxxer.hikari.HikariDataSource13:45:25.554 [ SpringApplicationShutdownHook ] INFO  com.zaxxer.hikari.HikariDataSource13:45:42.886 [ background-preinit ] INFO  o.h.validator.internal.util.Version13:45:42.894 [ main ] INFO  com.dayone.DividendApplication13:45:42.897 [ main ] INFO  com.dayone.DividendApplication13:45:46.103 [ main ] INFO  o.s.d.r.c.RepositoryConfigurationDelegate13:45:46.105 [ main ] INFO  o.s.d.r.c.RepositoryConfigurationDelegate13:45:46.332 [ main ] INFO  o.s.d.r.c.RepositoryConfigurationDelegate13:45:46.368 [ main ] INFO  o.s.d.r.c.RepositoryConfigurationDelegate13:45:46.370 [ main ] INFO  o.s.d.r.c.RepositoryConfigurationDelegate13:45:46.418 [ main ] INFO  o.s.d.r.c.RepositoryConfigurationExtensionSupport13:45:46.421 [ main ] INFO  o.s.d.r.c.RepositoryConfigurationExtensionSupport13:45:46.422 [ main ] INFO  o.s.d.r.c.RepositoryConfigurationExtensionSupport13:45:46.422 [ main ] INFO  o.s.d.r.c.RepositoryConfigurationDelegate13:45:47.424 [ main ] INFO  o.s.c.s.PostProcessorRegistrationDelegate$BeanPostProcessorChecker13:45:47.435 [ main ] INFO  o.s.c.s.PostProcessorRegistrationDelegate$BeanPostProcessorChecker13:45:48.153 [ main ] INFO  o.s.b.w.e.tomcat.TomcatWebServer13:45:48.173 [ main ] INFO  o.a.coyote.http11.Http11NioProtocol13:45:48.176 [ main ] INFO  o.a.catalina.core.StandardService13:45:48.178 [ main ] INFO  o.a.catalina.core.StandardEngine13:45:48.496 [ main ] INFO  o.a.c.c.C.[Tomcat].[localhost].[/]13:45:48.497 [ main ] INFO  o.s.b.w.s.c.ServletWebServerApplicationContext13:45:48.593 [ main ] INFO  com.zaxxer.hikari.HikariDataSource13:45:48.922 [ main ] INFO  com.zaxxer.hikari.HikariDataSource13:45:48.933 [ main ] INFO  o.s.b.a.h.H2ConsoleAutoConfiguration13:45:49.286 [ main ] INFO  o.h.jpa.internal.util.LogHelper13:45:49.447 [ main ] INFO  org.hibernate.Version13:45:49.922 [ main ] INFO  o.h.annotations.common.Version13:45:50.251 [ main ] INFO  org.hibernate.dialect.Dialect13:45:52.120 [ main ] INFO  o.h.e.t.j.p.i.JtaPlatformInitiator13:45:52.148 [ main ] INFO  o.s.o.j.LocalContainerEntityManagerFactoryBean13:45:53.298 [ main ] WARN  o.s.b.a.o.j.JpaBaseConfiguration$JpaWebConfiguration13:45:54.813 [ main ] INFO  o.s.s.web.DefaultSecurityFilterChain13:45:54.814 [ main ] INFO  o.s.s.web.DefaultSecurityFilterChain13:45:54.890 [ main ] INFO  o.s.s.web.DefaultSecurityFilterChain13:45:56.008 [ main ] INFO  o.a.coyote.http11.Http11NioProtocol13:45:56.067 [ main ] INFO  o.s.b.w.e.tomcat.TomcatWebServer13:45:56.748 [ main ] INFO  com.dayone.DividendApplication13:46:50.309 [ http-nio-8080-exec-1 ] INFO  o.a.c.c.C.[Tomcat].[localhost].[/]13:46:50.310 [ http-nio-8080-exec-1 ] INFO  o.s.web.servlet.DispatcherServlet13:46:50.317 [ http-nio-8080-exec-1 ] INFO  o.s.web.servlet.DispatcherServlet13:46:50.656 [ http-nio-8080-exec-1 ] INFO  c.d.security.JwtAuthenticationFilter13:46:56.689 [ http-nio-8080-exec-3 ] ERROR o.a.c.c.C.[.[.[.[dispatcherServlet]java.lang.IllegalArgumentException: JWT String argument cannot be null or empty.
	at io.jsonwebtoken.lang.Assert.hasText(Assert.java:135)
	at io.jsonwebtoken.impl.DefaultJwtParser.parse(DefaultJwtParser.java:479)
	at io.jsonwebtoken.impl.DefaultJwtParser.parseClaimsJws(DefaultJwtParser.java:541)
	at com.dayone.security.TokenProvider.parseClaims(TokenProvider.java:73)
	at com.dayone.security.TokenProvider.getUsername(TokenProvider.java:59)
	at com.dayone.security.JwtAuthenticationFilter.doFilterInternal(JwtAuthenticationFilter.java:40)
	at org.springframework.web.filter.OncePerRequestFilter.doFilter(OncePerRequestFilter.java:119)
	at org.springframework.security.web.FilterChainProxy$VirtualFilterChain.doFilter(FilterChainProxy.java:336)
	at org.springframework.security.web.authentication.logout.LogoutFilter.doFilter(LogoutFilter.java:103)
	at org.springframework.security.web.authentication.logout.LogoutFilter.doFilter(LogoutFilter.java:89)
	at org.springframework.security.web.FilterChainProxy$VirtualFilterChain.doFilter(FilterChainProxy.java:336)
	at org.springframework.security.web.header.HeaderWriterFilter.doHeadersAfter(HeaderWriterFilter.java:90)
	at org.springframework.security.web.header.HeaderWriterFilter.doFilterInternal(HeaderWriterFilter.java:75)
	at org.springframework.web.filter.OncePerRequestFilter.doFilter(OncePerRequestFilter.java:119)
	at org.springframework.security.web.FilterChainProxy$VirtualFilterChain.doFilter(FilterChainProxy.java:336)
	at org.springframework.security.web.context.SecurityContextPersistenceFilter.doFilter(SecurityContextPersistenceFilter.java:110)
	at org.springframework.security.web.context.SecurityContextPersistenceFilter.doFilter(SecurityContextPersistenceFilter.java:80)
	at org.springframework.security.web.FilterChainProxy$VirtualFilterChain.doFilter(FilterChainProxy.java:336)
	at org.springframework.security.web.context.request.async.WebAsyncManagerIntegrationFilter.doFilterInternal(WebAsyncManagerIntegrationFilter.java:55)
	at org.springframework.web.filter.OncePerRequestFilter.doFilter(OncePerRequestFilter.java:119)
	at org.springframework.security.web.FilterChainProxy$VirtualFilterChain.doFilter(FilterChainProxy.java:336)
	at org.springframework.security.web.FilterChainProxy.doFilterInternal(FilterChainProxy.java:211)
	at org.springframework.security.web.FilterChainProxy.doFilter(FilterChainProxy.java:183)
	at org.springframework.web.filter.DelegatingFilterProxy.invokeDelegate(DelegatingFilterProxy.java:358)
	at org.springframework.web.filter.DelegatingFilterProxy.doFilter(DelegatingFilterProxy.java:271)
	at org.apache.catalina.core.ApplicationFilterChain.internalDoFilter(ApplicationFilterChain.java:189)
	at org.apache.catalina.core.ApplicationFilterChain.doFilter(ApplicationFilterChain.java:162)
	at org.springframework.web.filter.RequestContextFilter.doFilterInternal(RequestContextFilter.java:100)
	at org.springframework.web.filter.OncePerRequestFilter.doFilter(OncePerRequestFilter.java:119)
	at org.apache.catalina.core.ApplicationFilterChain.internalDoFilter(ApplicationFilterChain.java:189)
	at org.apache.catalina.core.ApplicationFilterChain.doFilter(ApplicationFilterChain.java:162)
	at org.springframework.web.filter.FormContentFilter.doFilterInternal(FormContentFilter.java:93)
	at org.springframework.web.filter.OncePerRequestFilter.doFilter(OncePerRequestFilter.java:119)
	at org.apache.catalina.core.ApplicationFilterChain.internalDoFilter(ApplicationFilterChain.java:189)
	at org.apache.catalina.core.ApplicationFilterChain.doFilter(ApplicationFilterChain.java:162)
	at org.springframework.web.filter.CharacterEncodingFilter.doFilterInternal(CharacterEncodingFilter.java:201)
	at org.springframework.web.filter.OncePerRequestFilter.doFilter(OncePerRequestFilter.java:119)
	at org.apache.catalina.core.ApplicationFilterChain.internalDoFilter(ApplicationFilterChain.java:189)
	at org.apache.catalina.core.ApplicationFilterChain.doFilter(ApplicationFilterChain.java:162)
	at org.apache.catalina.core.StandardWrapperValve.invoke(StandardWrapperValve.java:197)
	at org.apache.catalina.core.StandardContextValve.invoke(StandardContextValve.java:97)
	at org.apache.catalina.authenticator.AuthenticatorBase.invoke(AuthenticatorBase.java:540)
	at org.apache.catalina.core.StandardHostValve.invoke(StandardHostValve.java:135)
	at org.apache.catalina.valves.ErrorReportValve.invoke(ErrorReportValve.java:92)
	at org.apache.catalina.core.StandardEngineValve.invoke(StandardEngineValve.java:78)
	at org.apache.catalina.connector.CoyoteAdapter.service(CoyoteAdapter.java:357)
	at org.apache.coyote.http11.Http11Processor.service(Http11Processor.java:382)
	at org.apache.coyote.AbstractProcessorLight.process(AbstractProcessorLight.java:65)
	at org.apache.coyote.AbstractProtocol$ConnectionHandler.process(AbstractProtocol.java:895)
	at org.apache.tomcat.util.net.NioEndpoint$SocketProcessor.doRun(NioEndpoint.java:1722)
	at org.apache.tomcat.util.net.SocketProcessorBase.run(SocketProcessorBase.java:49)
	at org.apache.tomcat.util.threads.ThreadPoolExecutor.runWorker(ThreadPoolExecutor.java:1191)
	at org.apache.tomcat.util.threads.ThreadPoolExecutor$Worker.run(ThreadPoolExecutor.java:659)
	at org.apache.tomcat.util.threads.TaskThread$WrappingRunnable.run(TaskThread.java:61)
	at java.base/java.lang.Thread.run(Thread.java:829)
13:47:02.443 [ http-nio-8080-exec-5 ] ERROR o.a.c.c.C.[.[.[.[dispatcherServlet]java.lang.IllegalArgumentException: JWT String argument cannot be null or empty.
	at io.jsonwebtoken.lang.Assert.hasText(Assert.java:135)
	at io.jsonwebtoken.impl.DefaultJwtParser.parse(DefaultJwtParser.java:479)
	at io.jsonwebtoken.impl.DefaultJwtParser.parseClaimsJws(DefaultJwtParser.java:541)
	at com.dayone.security.TokenProvider.parseClaims(TokenProvider.java:73)
	at com.dayone.security.TokenProvider.getUsername(TokenProvider.java:59)
	at com.dayone.security.JwtAuthenticationFilter.doFilterInternal(JwtAuthenticationFilter.java:40)
	at org.springframework.web.filter.OncePerRequestFilter.doFilter(OncePerRequestFilter.java:119)
	at org.springframework.security.web.FilterChainProxy$VirtualFilterChain.doFilter(FilterChainProxy.java:336)
	at org.springframework.security.web.authentication.logout.LogoutFilter.doFilter(LogoutFilter.java:103)
	at org.springframework.security.web.authentication.logout.LogoutFilter.doFilter(LogoutFilter.java:89)
	at org.springframework.security.web.FilterChainProxy$VirtualFilterChain.doFilter(FilterChainProxy.java:336)
	at org.springframework.security.web.header.HeaderWriterFilter.doHeadersAfter(HeaderWriterFilter.java:90)
	at org.springframework.security.web.header.HeaderWriterFilter.doFilterInternal(HeaderWriterFilter.java:75)
	at org.springframework.web.filter.OncePerRequestFilter.doFilter(OncePerRequestFilter.java:119)
	at org.springframework.security.web.FilterChainProxy$VirtualFilterChain.doFilter(FilterChainProxy.java:336)
	at org.springframework.security.web.context.SecurityContextPersistenceFilter.doFilter(SecurityContextPersistenceFilter.java:110)
	at org.springframework.security.web.context.SecurityContextPersistenceFilter.doFilter(SecurityContextPersistenceFilter.java:80)
	at org.springframework.security.web.FilterChainProxy$VirtualFilterChain.doFilter(FilterChainProxy.java:336)
	at org.springframework.security.web.context.request.async.WebAsyncManagerIntegrationFilter.doFilterInternal(WebAsyncManagerIntegrationFilter.java:55)
	at org.springframework.web.filter.OncePerRequestFilter.doFilter(OncePerRequestFilter.java:119)
	at org.springframework.security.web.FilterChainProxy$VirtualFilterChain.doFilter(FilterChainProxy.java:336)
	at org.springframework.security.web.FilterChainProxy.doFilterInternal(FilterChainProxy.java:211)
	at org.springframework.security.web.FilterChainProxy.doFilter(FilterChainProxy.java:183)
	at org.springframework.web.filter.DelegatingFilterProxy.invokeDelegate(DelegatingFilterProxy.java:358)
	at org.springframework.web.filter.DelegatingFilterProxy.doFilter(DelegatingFilterProxy.java:271)
	at org.apache.catalina.core.ApplicationFilterChain.internalDoFilter(ApplicationFilterChain.java:189)
	at org.apache.catalina.core.ApplicationFilterChain.doFilter(ApplicationFilterChain.java:162)
	at org.springframework.web.filter.RequestContextFilter.doFilterInternal(RequestContextFilter.java:100)
	at org.springframework.web.filter.OncePerRequestFilter.doFilter(OncePerRequestFilter.java:119)
	at org.apache.catalina.core.ApplicationFilterChain.internalDoFilter(ApplicationFilterChain.java:189)
	at org.apache.catalina.core.ApplicationFilterChain.doFilter(ApplicationFilterChain.java:162)
	at org.springframework.web.filter.FormContentFilter.doFilterInternal(FormContentFilter.java:93)
	at org.springframework.web.filter.OncePerRequestFilter.doFilter(OncePerRequestFilter.java:119)
	at org.apache.catalina.core.ApplicationFilterChain.internalDoFilter(ApplicationFilterChain.java:189)
	at org.apache.catalina.core.ApplicationFilterChain.doFilter(ApplicationFilterChain.java:162)
	at org.springframework.web.filter.CharacterEncodingFilter.doFilterInternal(CharacterEncodingFilter.java:201)
	at org.springframework.web.filter.OncePerRequestFilter.doFilter(OncePerRequestFilter.java:119)
	at org.apache.catalina.core.ApplicationFilterChain.internalDoFilter(ApplicationFilterChain.java:189)
	at org.apache.catalina.core.ApplicationFilterChain.doFilter(ApplicationFilterChain.java:162)
	at org.apache.catalina.core.StandardWrapperValve.invoke(StandardWrapperValve.java:197)
	at org.apache.catalina.core.StandardContextValve.invoke(StandardContextValve.java:97)
	at org.apache.catalina.authenticator.AuthenticatorBase.invoke(AuthenticatorBase.java:540)
	at org.apache.catalina.core.StandardHostValve.invoke(StandardHostValve.java:135)
	at org.apache.catalina.valves.ErrorReportValve.invoke(ErrorReportValve.java:92)
	at org.apache.catalina.core.StandardEngineValve.invoke(StandardEngineValve.java:78)
	at org.apache.catalina.connector.CoyoteAdapter.service(CoyoteAdapter.java:357)
	at org.apache.coyote.http11.Http11Processor.service(Http11Processor.java:382)
	at org.apache.coyote.AbstractProcessorLight.process(AbstractProcessorLight.java:65)
	at org.apache.coyote.AbstractProtocol$ConnectionHandler.process(AbstractProtocol.java:895)
	at org.apache.tomcat.util.net.NioEndpoint$SocketProcessor.doRun(NioEndpoint.java:1722)
	at org.apache.tomcat.util.net.SocketProcessorBase.run(SocketProcessorBase.java:49)
	at org.apache.tomcat.util.threads.ThreadPoolExecutor.runWorker(ThreadPoolExecutor.java:1191)
	at org.apache.tomcat.util.threads.ThreadPoolExecutor$Worker.run(ThreadPoolExecutor.java:659)
	at org.apache.tomcat.util.threads.TaskThread$WrappingRunnable.run(TaskThread.java:61)
	at java.base/java.lang.Thread.run(Thread.java:829)
13:47:07.474 [ http-nio-8080-exec-7 ] ERROR o.a.c.c.C.[.[.[.[dispatcherServlet]java.lang.IllegalArgumentException: JWT String argument cannot be null or empty.
	at io.jsonwebtoken.lang.Assert.hasText(Assert.java:135)
	at io.jsonwebtoken.impl.DefaultJwtParser.parse(DefaultJwtParser.java:479)
	at io.jsonwebtoken.impl.DefaultJwtParser.parseClaimsJws(DefaultJwtParser.java:541)
	at com.dayone.security.TokenProvider.parseClaims(TokenProvider.java:73)
	at com.dayone.security.TokenProvider.getUsername(TokenProvider.java:59)
	at com.dayone.security.JwtAuthenticationFilter.doFilterInternal(JwtAuthenticationFilter.java:40)
	at org.springframework.web.filter.OncePerRequestFilter.doFilter(OncePerRequestFilter.java:119)
	at org.springframework.security.web.FilterChainProxy$VirtualFilterChain.doFilter(FilterChainProxy.java:336)
	at org.springframework.security.web.authentication.logout.LogoutFilter.doFilter(LogoutFilter.java:103)
	at org.springframework.security.web.authentication.logout.LogoutFilter.doFilter(LogoutFilter.java:89)
	at org.springframework.security.web.FilterChainProxy$VirtualFilterChain.doFilter(FilterChainProxy.java:336)
	at org.springframework.security.web.header.HeaderWriterFilter.doHeadersAfter(HeaderWriterFilter.java:90)
	at org.springframework.security.web.header.HeaderWriterFilter.doFilterInternal(HeaderWriterFilter.java:75)
	at org.springframework.web.filter.OncePerRequestFilter.doFilter(OncePerRequestFilter.java:119)
	at org.springframework.security.web.FilterChainProxy$VirtualFilterChain.doFilter(FilterChainProxy.java:336)
	at org.springframework.security.web.context.SecurityContextPersistenceFilter.doFilter(SecurityContextPersistenceFilter.java:110)
	at org.springframework.security.web.context.SecurityContextPersistenceFilter.doFilter(SecurityContextPersistenceFilter.java:80)
	at org.springframework.security.web.FilterChainProxy$VirtualFilterChain.doFilter(FilterChainProxy.java:336)
	at org.springframework.security.web.context.request.async.WebAsyncManagerIntegrationFilter.doFilterInternal(WebAsyncManagerIntegrationFilter.java:55)
	at org.springframework.web.filter.OncePerRequestFilter.doFilter(OncePerRequestFilter.java:119)
	at org.springframework.security.web.FilterChainProxy$VirtualFilterChain.doFilter(FilterChainProxy.java:336)
	at org.springframework.security.web.FilterChainProxy.doFilterInternal(FilterChainProxy.java:211)
	at org.springframework.security.web.FilterChainProxy.doFilter(FilterChainProxy.java:183)
	at org.springframework.web.filter.DelegatingFilterProxy.invokeDelegate(DelegatingFilterProxy.java:358)
	at org.springframework.web.filter.DelegatingFilterProxy.doFilter(DelegatingFilterProxy.java:271)
	at org.apache.catalina.core.ApplicationFilterChain.internalDoFilter(ApplicationFilterChain.java:189)
	at org.apache.catalina.core.ApplicationFilterChain.doFilter(ApplicationFilterChain.java:162)
	at org.springframework.web.filter.RequestContextFilter.doFilterInternal(RequestContextFilter.java:100)
	at org.springframework.web.filter.OncePerRequestFilter.doFilter(OncePerRequestFilter.java:119)
	at org.apache.catalina.core.ApplicationFilterChain.internalDoFilter(ApplicationFilterChain.java:189)
	at org.apache.catalina.core.ApplicationFilterChain.doFilter(ApplicationFilterChain.java:162)
	at org.springframework.web.filter.FormContentFilter.doFilterInternal(FormContentFilter.java:93)
	at org.springframework.web.filter.OncePerRequestFilter.doFilter(OncePerRequestFilter.java:119)
	at org.apache.catalina.core.ApplicationFilterChain.internalDoFilter(ApplicationFilterChain.java:189)
	at org.apache.catalina.core.ApplicationFilterChain.doFilter(ApplicationFilterChain.java:162)
	at org.springframework.web.filter.CharacterEncodingFilter.doFilterInternal(CharacterEncodingFilter.java:201)
	at org.springframework.web.filter.OncePerRequestFilter.doFilter(OncePerRequestFilter.java:119)
	at org.apache.catalina.core.ApplicationFilterChain.internalDoFilter(ApplicationFilterChain.java:189)
	at org.apache.catalina.core.ApplicationFilterChain.doFilter(ApplicationFilterChain.java:162)
	at org.apache.catalina.core.StandardWrapperValve.invoke(StandardWrapperValve.java:197)
	at org.apache.catalina.core.StandardContextValve.invoke(StandardContextValve.java:97)
	at org.apache.catalina.authenticator.AuthenticatorBase.invoke(AuthenticatorBase.java:540)
	at org.apache.catalina.core.StandardHostValve.invoke(StandardHostValve.java:135)
	at org.apache.catalina.valves.ErrorReportValve.invoke(ErrorReportValve.java:92)
	at org.apache.catalina.core.StandardEngineValve.invoke(StandardEngineValve.java:78)
	at org.apache.catalina.connector.CoyoteAdapter.service(CoyoteAdapter.java:357)
	at org.apache.coyote.http11.Http11Processor.service(Http11Processor.java:382)
	at org.apache.coyote.AbstractProcessorLight.process(AbstractProcessorLight.java:65)
	at org.apache.coyote.AbstractProtocol$ConnectionHandler.process(AbstractProtocol.java:895)
	at org.apache.tomcat.util.net.NioEndpoint$SocketProcessor.doRun(NioEndpoint.java:1722)
	at org.apache.tomcat.util.net.SocketProcessorBase.run(SocketProcessorBase.java:49)
	at org.apache.tomcat.util.threads.ThreadPoolExecutor.runWorker(ThreadPoolExecutor.java:1191)
	at org.apache.tomcat.util.threads.ThreadPoolExecutor$Worker.run(ThreadPoolExecutor.java:659)
	at org.apache.tomcat.util.threads.TaskThread$WrappingRunnable.run(TaskThread.java:61)
	at java.base/java.lang.Thread.run(Thread.java:829)
13:47:44.741 [ http-nio-8080-exec-9 ] ERROR o.a.c.c.C.[.[.[.[dispatcherServlet]java.lang.IllegalArgumentException: JWT String argument cannot be null or empty.
	at io.jsonwebtoken.lang.Assert.hasText(Assert.java:135)
	at io.jsonwebtoken.impl.DefaultJwtParser.parse(DefaultJwtParser.java:479)
	at io.jsonwebtoken.impl.DefaultJwtParser.parseClaimsJws(DefaultJwtParser.java:541)
	at com.dayone.security.TokenProvider.parseClaims(TokenProvider.java:73)
	at com.dayone.security.TokenProvider.getUsername(TokenProvider.java:59)
	at com.dayone.security.JwtAuthenticationFilter.doFilterInternal(JwtAuthenticationFilter.java:40)
	at org.springframework.web.filter.OncePerRequestFilter.doFilter(OncePerRequestFilter.java:119)
	at org.springframework.security.web.FilterChainProxy$VirtualFilterChain.doFilter(FilterChainProxy.java:336)
	at org.springframework.security.web.authentication.logout.LogoutFilter.doFilter(LogoutFilter.java:103)
	at org.springframework.security.web.authentication.logout.LogoutFilter.doFilter(LogoutFilter.java:89)
	at org.springframework.security.web.FilterChainProxy$VirtualFilterChain.doFilter(FilterChainProxy.java:336)
	at org.springframework.security.web.header.HeaderWriterFilter.doHeadersAfter(HeaderWriterFilter.java:90)
	at org.springframework.security.web.header.HeaderWriterFilter.doFilterInternal(HeaderWriterFilter.java:75)
	at org.springframework.web.filter.OncePerRequestFilter.doFilter(OncePerRequestFilter.java:119)
	at org.springframework.security.web.FilterChainProxy$VirtualFilterChain.doFilter(FilterChainProxy.java:336)
	at org.springframework.security.web.context.SecurityContextPersistenceFilter.doFilter(SecurityContextPersistenceFilter.java:110)
	at org.springframework.security.web.context.SecurityContextPersistenceFilter.doFilter(SecurityContextPersistenceFilter.java:80)
	at org.springframework.security.web.FilterChainProxy$VirtualFilterChain.doFilter(FilterChainProxy.java:336)
	at org.springframework.security.web.context.request.async.WebAsyncManagerIntegrationFilter.doFilterInternal(WebAsyncManagerIntegrationFilter.java:55)
	at org.springframework.web.filter.OncePerRequestFilter.doFilter(OncePerRequestFilter.java:119)
	at org.springframework.security.web.FilterChainProxy$VirtualFilterChain.doFilter(FilterChainProxy.java:336)
	at org.springframework.security.web.FilterChainProxy.doFilterInternal(FilterChainProxy.java:211)
	at org.springframework.security.web.FilterChainProxy.doFilter(FilterChainProxy.java:183)
	at org.springframework.web.filter.DelegatingFilterProxy.invokeDelegate(DelegatingFilterProxy.java:358)
	at org.springframework.web.filter.DelegatingFilterProxy.doFilter(DelegatingFilterProxy.java:271)
	at org.apache.catalina.core.ApplicationFilterChain.internalDoFilter(ApplicationFilterChain.java:189)
	at org.apache.catalina.core.ApplicationFilterChain.doFilter(ApplicationFilterChain.java:162)
	at org.springframework.web.filter.RequestContextFilter.doFilterInternal(RequestContextFilter.java:100)
	at org.springframework.web.filter.OncePerRequestFilter.doFilter(OncePerRequestFilter.java:119)
	at org.apache.catalina.core.ApplicationFilterChain.internalDoFilter(ApplicationFilterChain.java:189)
	at org.apache.catalina.core.ApplicationFilterChain.doFilter(ApplicationFilterChain.java:162)
	at org.springframework.web.filter.FormContentFilter.doFilterInternal(FormContentFilter.java:93)
	at org.springframework.web.filter.OncePerRequestFilter.doFilter(OncePerRequestFilter.java:119)
	at org.apache.catalina.core.ApplicationFilterChain.internalDoFilter(ApplicationFilterChain.java:189)
	at org.apache.catalina.core.ApplicationFilterChain.doFilter(ApplicationFilterChain.java:162)
	at org.springframework.web.filter.CharacterEncodingFilter.doFilterInternal(CharacterEncodingFilter.java:201)
	at org.springframework.web.filter.OncePerRequestFilter.doFilter(OncePerRequestFilter.java:119)
	at org.apache.catalina.core.ApplicationFilterChain.internalDoFilter(ApplicationFilterChain.java:189)
	at org.apache.catalina.core.ApplicationFilterChain.doFilter(ApplicationFilterChain.java:162)
	at org.apache.catalina.core.StandardWrapperValve.invoke(StandardWrapperValve.java:197)
	at org.apache.catalina.core.StandardContextValve.invoke(StandardContextValve.java:97)
	at org.apache.catalina.authenticator.AuthenticatorBase.invoke(AuthenticatorBase.java:540)
	at org.apache.catalina.core.StandardHostValve.invoke(StandardHostValve.java:135)
	at org.apache.catalina.valves.ErrorReportValve.invoke(ErrorReportValve.java:92)
	at org.apache.catalina.core.StandardEngineValve.invoke(StandardEngineValve.java:78)
	at org.apache.catalina.connector.CoyoteAdapter.service(CoyoteAdapter.java:357)
	at org.apache.coyote.http11.Http11Processor.service(Http11Processor.java:382)
	at org.apache.coyote.AbstractProcessorLight.process(AbstractProcessorLight.java:65)
	at org.apache.coyote.AbstractProtocol$ConnectionHandler.process(AbstractProtocol.java:895)
	at org.apache.tomcat.util.net.NioEndpoint$SocketProcessor.doRun(NioEndpoint.java:1722)
	at org.apache.tomcat.util.net.SocketProcessorBase.run(SocketProcessorBase.java:49)
	at org.apache.tomcat.util.threads.ThreadPoolExecutor.runWorker(ThreadPoolExecutor.java:1191)
	at org.apache.tomcat.util.threads.ThreadPoolExecutor$Worker.run(ThreadPoolExecutor.java:659)
	at org.apache.tomcat.util.threads.TaskThread$WrappingRunnable.run(TaskThread.java:61)
	at java.base/java.lang.Thread.run(Thread.java:829)
13:47:45.958 [ http-nio-8080-exec-2 ] ERROR o.a.c.c.C.[.[.[.[dispatcherServlet]java.lang.IllegalArgumentException: JWT String argument cannot be null or empty.
	at io.jsonwebtoken.lang.Assert.hasText(Assert.java:135)
	at io.jsonwebtoken.impl.DefaultJwtParser.parse(DefaultJwtParser.java:479)
	at io.jsonwebtoken.impl.DefaultJwtParser.parseClaimsJws(DefaultJwtParser.java:541)
	at com.dayone.security.TokenProvider.parseClaims(TokenProvider.java:73)
	at com.dayone.security.TokenProvider.getUsername(TokenProvider.java:59)
	at com.dayone.security.JwtAuthenticationFilter.doFilterInternal(JwtAuthenticationFilter.java:40)
	at org.springframework.web.filter.OncePerRequestFilter.doFilter(OncePerRequestFilter.java:119)
	at org.springframework.security.web.FilterChainProxy$VirtualFilterChain.doFilter(FilterChainProxy.java:336)
	at org.springframework.security.web.authentication.logout.LogoutFilter.doFilter(LogoutFilter.java:103)
	at org.springframework.security.web.authentication.logout.LogoutFilter.doFilter(LogoutFilter.java:89)
	at org.springframework.security.web.FilterChainProxy$VirtualFilterChain.doFilter(FilterChainProxy.java:336)
	at org.springframework.security.web.header.HeaderWriterFilter.doHeadersAfter(HeaderWriterFilter.java:90)
	at org.springframework.security.web.header.HeaderWriterFilter.doFilterInternal(HeaderWriterFilter.java:75)
	at org.springframework.web.filter.OncePerRequestFilter.doFilter(OncePerRequestFilter.java:119)
	at org.springframework.security.web.FilterChainProxy$VirtualFilterChain.doFilter(FilterChainProxy.java:336)
	at org.springframework.security.web.context.SecurityContextPersistenceFilter.doFilter(SecurityContextPersistenceFilter.java:110)
	at org.springframework.security.web.context.SecurityContextPersistenceFilter.doFilter(SecurityContextPersistenceFilter.java:80)
	at org.springframework.security.web.FilterChainProxy$VirtualFilterChain.doFilter(FilterChainProxy.java:336)
	at org.springframework.security.web.context.request.async.WebAsyncManagerIntegrationFilter.doFilterInternal(WebAsyncManagerIntegrationFilter.java:55)
	at org.springframework.web.filter.OncePerRequestFilter.doFilter(OncePerRequestFilter.java:119)
	at org.springframework.security.web.FilterChainProxy$VirtualFilterChain.doFilter(FilterChainProxy.java:336)
	at org.springframework.security.web.FilterChainProxy.doFilterInternal(FilterChainProxy.java:211)
	at org.springframework.security.web.FilterChainProxy.doFilter(FilterChainProxy.java:183)
	at org.springframework.web.filter.DelegatingFilterProxy.invokeDelegate(DelegatingFilterProxy.java:358)
	at org.springframework.web.filter.DelegatingFilterProxy.doFilter(DelegatingFilterProxy.java:271)
	at org.apache.catalina.core.ApplicationFilterChain.internalDoFilter(ApplicationFilterChain.java:189)
	at org.apache.catalina.core.ApplicationFilterChain.doFilter(ApplicationFilterChain.java:162)
	at org.springframework.web.filter.RequestContextFilter.doFilterInternal(RequestContextFilter.java:100)
	at org.springframework.web.filter.OncePerRequestFilter.doFilter(OncePerRequestFilter.java:119)
	at org.apache.catalina.core.ApplicationFilterChain.internalDoFilter(ApplicationFilterChain.java:189)
	at org.apache.catalina.core.ApplicationFilterChain.doFilter(ApplicationFilterChain.java:162)
	at org.springframework.web.filter.FormContentFilter.doFilterInternal(FormContentFilter.java:93)
	at org.springframework.web.filter.OncePerRequestFilter.doFilter(OncePerRequestFilter.java:119)
	at org.apache.catalina.core.ApplicationFilterChain.internalDoFilter(ApplicationFilterChain.java:189)
	at org.apache.catalina.core.ApplicationFilterChain.doFilter(ApplicationFilterChain.java:162)
	at org.springframework.web.filter.CharacterEncodingFilter.doFilterInternal(CharacterEncodingFilter.java:201)
	at org.springframework.web.filter.OncePerRequestFilter.doFilter(OncePerRequestFilter.java:119)
	at org.apache.catalina.core.ApplicationFilterChain.internalDoFilter(ApplicationFilterChain.java:189)
	at org.apache.catalina.core.ApplicationFilterChain.doFilter(ApplicationFilterChain.java:162)
	at org.apache.catalina.core.StandardWrapperValve.invoke(StandardWrapperValve.java:197)
	at org.apache.catalina.core.StandardContextValve.invoke(StandardContextValve.java:97)
	at org.apache.catalina.authenticator.AuthenticatorBase.invoke(AuthenticatorBase.java:540)
	at org.apache.catalina.core.StandardHostValve.invoke(StandardHostValve.java:135)
	at org.apache.catalina.valves.ErrorReportValve.invoke(ErrorReportValve.java:92)
	at org.apache.catalina.core.StandardEngineValve.invoke(StandardEngineValve.java:78)
	at org.apache.catalina.connector.CoyoteAdapter.service(CoyoteAdapter.java:357)
	at org.apache.coyote.http11.Http11Processor.service(Http11Processor.java:382)
	at org.apache.coyote.AbstractProcessorLight.process(AbstractProcessorLight.java:65)
	at org.apache.coyote.AbstractProtocol$ConnectionHandler.process(AbstractProtocol.java:895)
	at org.apache.tomcat.util.net.NioEndpoint$SocketProcessor.doRun(NioEndpoint.java:1722)
	at org.apache.tomcat.util.net.SocketProcessorBase.run(SocketProcessorBase.java:49)
	at org.apache.tomcat.util.threads.ThreadPoolExecutor.runWorker(ThreadPoolExecutor.java:1191)
	at org.apache.tomcat.util.threads.ThreadPoolExecutor$Worker.run(ThreadPoolExecutor.java:659)
	at org.apache.tomcat.util.threads.TaskThread$WrappingRunnable.run(TaskThread.java:61)
	at java.base/java.lang.Thread.run(Thread.java:829)
13:49:07.999 [ SpringApplicationShutdownHook ] INFO  o.s.o.j.LocalContainerEntityManagerFactoryBean13:49:08.034 [ SpringApplicationShutdownHook ] INFO  com.zaxxer.hikari.HikariDataSource13:49:08.059 [ SpringApplicationShutdownHook ] INFO  com.zaxxer.hikari.HikariDataSource13:49:23.294 [ background-preinit ] INFO  o.h.validator.internal.util.Version13:49:23.310 [ main ] INFO  com.dayone.DividendApplication13:49:23.312 [ main ] INFO  com.dayone.DividendApplication13:49:26.831 [ main ] INFO  o.s.d.r.c.RepositoryConfigurationDelegate13:49:26.833 [ main ] INFO  o.s.d.r.c.RepositoryConfigurationDelegate13:49:27.136 [ main ] INFO  o.s.d.r.c.RepositoryConfigurationDelegate13:49:27.170 [ main ] INFO  o.s.d.r.c.RepositoryConfigurationDelegate13:49:27.172 [ main ] INFO  o.s.d.r.c.RepositoryConfigurationDelegate13:49:27.246 [ main ] INFO  o.s.d.r.c.RepositoryConfigurationExtensionSupport13:49:27.249 [ main ] INFO  o.s.d.r.c.RepositoryConfigurationExtensionSupport13:49:27.251 [ main ] INFO  o.s.d.r.c.RepositoryConfigurationExtensionSupport13:49:27.251 [ main ] INFO  o.s.d.r.c.RepositoryConfigurationDelegate13:49:28.262 [ main ] INFO  o.s.c.s.PostProcessorRegistrationDelegate$BeanPostProcessorChecker13:49:28.272 [ main ] INFO  o.s.c.s.PostProcessorRegistrationDelegate$BeanPostProcessorChecker13:49:28.922 [ main ] INFO  o.s.b.w.e.tomcat.TomcatWebServer13:49:28.944 [ main ] INFO  o.a.coyote.http11.Http11NioProtocol13:49:28.945 [ main ] INFO  o.a.catalina.core.StandardService13:49:28.946 [ main ] INFO  o.a.catalina.core.StandardEngine13:49:29.235 [ main ] INFO  o.a.c.c.C.[Tomcat].[localhost].[/]13:49:29.236 [ main ] INFO  o.s.b.w.s.c.ServletWebServerApplicationContext13:49:29.299 [ main ] INFO  com.zaxxer.hikari.HikariDataSource13:49:29.569 [ main ] INFO  com.zaxxer.hikari.HikariDataSource13:49:29.585 [ main ] INFO  o.s.b.a.h.H2ConsoleAutoConfiguration13:49:29.950 [ main ] INFO  o.h.jpa.internal.util.LogHelper13:49:30.085 [ main ] INFO  org.hibernate.Version13:49:30.584 [ main ] INFO  o.h.annotations.common.Version13:49:31.055 [ main ] INFO  org.hibernate.dialect.Dialect13:49:32.999 [ main ] INFO  o.h.e.t.j.p.i.JtaPlatformInitiator13:49:33.022 [ main ] INFO  o.s.o.j.LocalContainerEntityManagerFactoryBean13:49:34.273 [ main ] WARN  o.s.b.a.o.j.JpaBaseConfiguration$JpaWebConfiguration13:49:38.908 [ main ] INFO  o.s.s.web.DefaultSecurityFilterChain13:49:38.909 [ main ] INFO  o.s.s.web.DefaultSecurityFilterChain13:49:39.228 [ main ] INFO  o.s.s.web.DefaultSecurityFilterChain13:49:41.881 [ main ] INFO  o.a.coyote.http11.Http11NioProtocol13:49:41.974 [ main ] INFO  o.s.b.w.e.tomcat.TomcatWebServer13:49:42.269 [ http-nio-8080-exec-1 ] INFO  o.a.c.c.C.[Tomcat].[localhost].[/]13:49:42.270 [ http-nio-8080-exec-1 ] INFO  o.s.web.servlet.DispatcherServlet13:49:42.273 [ http-nio-8080-exec-1 ] INFO  o.s.web.servlet.DispatcherServlet13:49:43.252 [ main ] INFO  com.dayone.DividendApplication13:49:45.011 [ http-nio-8080-exec-1 ] INFO  c.d.webcontroller.AuthController13:50:17.769 [ SpringApplicationShutdownHook ] INFO  o.s.o.j.LocalContainerEntityManagerFactoryBean13:50:17.775 [ SpringApplicationShutdownHook ] INFO  com.zaxxer.hikari.HikariDataSource13:50:17.784 [ SpringApplicationShutdownHook ] INFO  com.zaxxer.hikari.HikariDataSource13:50:36.413 [ main ] INFO  com.dayone.DividendApplication13:50:36.410 [ background-preinit ] INFO  o.h.validator.internal.util.Version13:50:36.427 [ main ] INFO  com.dayone.DividendApplication13:50:39.776 [ main ] INFO  o.s.d.r.c.RepositoryConfigurationDelegate13:50:39.776 [ main ] INFO  o.s.d.r.c.RepositoryConfigurationDelegate13:50:40.069 [ main ] INFO  o.s.d.r.c.RepositoryConfigurationDelegate13:50:40.111 [ main ] INFO  o.s.d.r.c.RepositoryConfigurationDelegate13:50:40.115 [ main ] INFO  o.s.d.r.c.RepositoryConfigurationDelegate13:50:40.175 [ main ] INFO  o.s.d.r.c.RepositoryConfigurationExtensionSupport13:50:40.180 [ main ] INFO  o.s.d.r.c.RepositoryConfigurationExtensionSupport13:50:40.181 [ main ] INFO  o.s.d.r.c.RepositoryConfigurationExtensionSupport13:50:40.181 [ main ] INFO  o.s.d.r.c.RepositoryConfigurationDelegate13:50:41.598 [ main ] INFO  o.s.c.s.PostProcessorRegistrationDelegate$BeanPostProcessorChecker13:50:41.614 [ main ] INFO  o.s.c.s.PostProcessorRegistrationDelegate$BeanPostProcessorChecker13:50:42.753 [ main ] INFO  o.s.b.w.e.tomcat.TomcatWebServer13:50:42.793 [ main ] INFO  o.a.coyote.http11.Http11NioProtocol13:50:42.794 [ main ] INFO  o.a.catalina.core.StandardService13:50:42.795 [ main ] INFO  o.a.catalina.core.StandardEngine13:50:43.315 [ main ] INFO  o.a.c.c.C.[Tomcat].[localhost].[/]13:50:43.315 [ main ] INFO  o.s.b.w.s.c.ServletWebServerApplicationContext13:50:43.433 [ main ] INFO  com.zaxxer.hikari.HikariDataSource13:50:43.898 [ main ] INFO  com.zaxxer.hikari.HikariDataSource13:50:43.921 [ main ] INFO  o.s.b.a.h.H2ConsoleAutoConfiguration13:50:44.447 [ main ] INFO  o.h.jpa.internal.util.LogHelper13:50:44.563 [ main ] INFO  org.hibernate.Version13:50:45.878 [ main ] INFO  o.h.annotations.common.Version13:50:47.214 [ main ] INFO  org.hibernate.dialect.Dialect13:50:49.908 [ main ] INFO  o.h.e.t.j.p.i.JtaPlatformInitiator13:50:49.955 [ main ] INFO  o.s.o.j.LocalContainerEntityManagerFactoryBean13:50:51.259 [ main ] WARN  o.s.b.a.o.j.JpaBaseConfiguration$JpaWebConfiguration13:50:55.139 [ main ] INFO  o.s.s.web.DefaultSecurityFilterChain13:50:55.140 [ main ] INFO  o.s.s.web.DefaultSecurityFilterChain13:50:55.218 [ main ] INFO  o.s.s.web.DefaultSecurityFilterChain13:50:56.243 [ main ] INFO  o.a.coyote.http11.Http11NioProtocol13:50:56.285 [ main ] INFO  o.s.b.w.e.tomcat.TomcatWebServer13:50:56.686 [ main ] INFO  com.dayone.DividendApplication13:51:06.040 [ http-nio-8080-exec-2 ] INFO  o.a.c.c.C.[Tomcat].[localhost].[/]13:51:06.041 [ http-nio-8080-exec-2 ] INFO  o.s.web.servlet.DispatcherServlet13:51:06.044 [ http-nio-8080-exec-2 ] INFO  o.s.web.servlet.DispatcherServlet13:51:06.782 [ http-nio-8080-exec-2 ] INFO  c.d.webcontroller.AuthController13:51:11.352 [ http-nio-8080-exec-3 ] INFO  c.d.webcontroller.AuthController13:51:20.373 [ http-nio-8080-exec-4 ] INFO  c.d.security.JwtAuthenticationFilter13:51:31.360 [ http-nio-8080-exec-5 ] INFO  c.d.security.JwtAuthenticationFilter13:52:57.612 [ SpringApplicationShutdownHook ] INFO  o.s.o.j.LocalContainerEntityManagerFactoryBean13:52:57.616 [ SpringApplicationShutdownHook ] INFO  com.zaxxer.hikari.HikariDataSource13:52:57.620 [ SpringApplicationShutdownHook ] INFO  com.zaxxer.hikari.HikariDataSource13:53:05.535 [ background-preinit ] INFO  o.h.validator.internal.util.Version13:53:05.542 [ main ] INFO  com.dayone.DividendApplication13:53:05.545 [ main ] INFO  com.dayone.DividendApplication13:53:07.364 [ main ] INFO  o.s.d.r.c.RepositoryConfigurationDelegate13:53:07.365 [ main ] INFO  o.s.d.r.c.RepositoryConfigurationDelegate13:53:07.509 [ main ] INFO  o.s.d.r.c.RepositoryConfigurationDelegate13:53:07.527 [ main ] INFO  o.s.d.r.c.RepositoryConfigurationDelegate13:53:07.529 [ main ] INFO  o.s.d.r.c.RepositoryConfigurationDelegate13:53:07.557 [ main ] INFO  o.s.d.r.c.RepositoryConfigurationExtensionSupport13:53:07.559 [ main ] INFO  o.s.d.r.c.RepositoryConfigurationExtensionSupport13:53:07.560 [ main ] INFO  o.s.d.r.c.RepositoryConfigurationExtensionSupport13:53:07.560 [ main ] INFO  o.s.d.r.c.RepositoryConfigurationDelegate13:53:08.180 [ main ] INFO  o.s.c.s.PostProcessorRegistrationDelegate$BeanPostProcessorChecker13:53:08.187 [ main ] INFO  o.s.c.s.PostProcessorRegistrationDelegate$BeanPostProcessorChecker13:53:08.615 [ main ] INFO  o.s.b.w.e.tomcat.TomcatWebServer13:53:08.630 [ main ] INFO  o.a.coyote.http11.Http11NioProtocol13:53:08.632 [ main ] INFO  o.a.catalina.core.StandardService13:53:08.633 [ main ] INFO  o.a.catalina.core.StandardEngine13:53:08.851 [ main ] INFO  o.a.c.c.C.[Tomcat].[localhost].[/]13:53:08.851 [ main ] INFO  o.s.b.w.s.c.ServletWebServerApplicationContext13:53:08.906 [ main ] INFO  com.zaxxer.hikari.HikariDataSource13:53:09.091 [ main ] INFO  com.zaxxer.hikari.HikariDataSource13:53:09.102 [ main ] INFO  o.s.b.a.h.H2ConsoleAutoConfiguration13:53:09.316 [ main ] INFO  o.h.jpa.internal.util.LogHelper13:53:09.430 [ main ] INFO  org.hibernate.Version13:53:09.732 [ main ] INFO  o.h.annotations.common.Version13:53:09.919 [ main ] INFO  org.hibernate.dialect.Dialect13:53:11.019 [ main ] INFO  o.h.e.t.j.p.i.JtaPlatformInitiator13:53:11.032 [ main ] INFO  o.s.o.j.LocalContainerEntityManagerFactoryBean13:53:11.744 [ main ] WARN  o.s.b.a.o.j.JpaBaseConfiguration$JpaWebConfiguration13:53:12.691 [ main ] INFO  o.s.s.web.DefaultSecurityFilterChain13:53:12.692 [ main ] INFO  o.s.s.web.DefaultSecurityFilterChain13:53:12.747 [ main ] INFO  o.s.s.web.DefaultSecurityFilterChain13:53:13.405 [ main ] INFO  o.a.coyote.http11.Http11NioProtocol13:53:13.439 [ main ] INFO  o.s.b.w.e.tomcat.TomcatWebServer13:53:13.738 [ main ] INFO  com.dayone.DividendApplication13:54:36.756 [ http-nio-8080-exec-2 ] INFO  o.a.c.c.C.[Tomcat].[localhost].[/]13:54:36.756 [ http-nio-8080-exec-2 ] INFO  o.s.web.servlet.DispatcherServlet13:54:36.758 [ http-nio-8080-exec-2 ] INFO  o.s.web.servlet.DispatcherServlet13:54:37.139 [ http-nio-8080-exec-2 ] ERROR o.a.c.c.C.[.[.[.[dispatcherServlet]com.dayone.exception.impl.UserNotFoundException: seul2 사용자가 존재하지 않습니다. 올바른 로그인 후 접근 권한이 필요합니다.
	at com.dayone.service.MemberService.lambda$loadUserByUsername$0(MemberService.java:30)
	at java.base/java.util.Optional.orElseThrow(Optional.java:408)
	at com.dayone.service.MemberService.loadUserByUsername(MemberService.java:30)
	at com.dayone.security.TokenProvider.getAuthentication(TokenProvider.java:54)
	at com.dayone.security.JwtAuthenticationFilter.doFilterInternal(JwtAuthenticationFilter.java:36)
	at org.springframework.web.filter.OncePerRequestFilter.doFilter(OncePerRequestFilter.java:119)
	at org.springframework.security.web.FilterChainProxy$VirtualFilterChain.doFilter(FilterChainProxy.java:336)
	at org.springframework.security.web.authentication.logout.LogoutFilter.doFilter(LogoutFilter.java:103)
	at org.springframework.security.web.authentication.logout.LogoutFilter.doFilter(LogoutFilter.java:89)
	at org.springframework.security.web.FilterChainProxy$VirtualFilterChain.doFilter(FilterChainProxy.java:336)
	at org.springframework.security.web.header.HeaderWriterFilter.doHeadersAfter(HeaderWriterFilter.java:90)
	at org.springframework.security.web.header.HeaderWriterFilter.doFilterInternal(HeaderWriterFilter.java:75)
	at org.springframework.web.filter.OncePerRequestFilter.doFilter(OncePerRequestFilter.java:119)
	at org.springframework.security.web.FilterChainProxy$VirtualFilterChain.doFilter(FilterChainProxy.java:336)
	at org.springframework.security.web.context.SecurityContextPersistenceFilter.doFilter(SecurityContextPersistenceFilter.java:110)
	at org.springframework.security.web.context.SecurityContextPersistenceFilter.doFilter(SecurityContextPersistenceFilter.java:80)
	at org.springframework.security.web.FilterChainProxy$VirtualFilterChain.doFilter(FilterChainProxy.java:336)
	at org.springframework.security.web.context.request.async.WebAsyncManagerIntegrationFilter.doFilterInternal(WebAsyncManagerIntegrationFilter.java:55)
	at org.springframework.web.filter.OncePerRequestFilter.doFilter(OncePerRequestFilter.java:119)
	at org.springframework.security.web.FilterChainProxy$VirtualFilterChain.doFilter(FilterChainProxy.java:336)
	at org.springframework.security.web.FilterChainProxy.doFilterInternal(FilterChainProxy.java:211)
	at org.springframework.security.web.FilterChainProxy.doFilter(FilterChainProxy.java:183)
	at org.springframework.web.filter.DelegatingFilterProxy.invokeDelegate(DelegatingFilterProxy.java:358)
	at org.springframework.web.filter.DelegatingFilterProxy.doFilter(DelegatingFilterProxy.java:271)
	at org.apache.catalina.core.ApplicationFilterChain.internalDoFilter(ApplicationFilterChain.java:189)
	at org.apache.catalina.core.ApplicationFilterChain.doFilter(ApplicationFilterChain.java:162)
	at org.springframework.web.filter.RequestContextFilter.doFilterInternal(RequestContextFilter.java:100)
	at org.springframework.web.filter.OncePerRequestFilter.doFilter(OncePerRequestFilter.java:119)
	at org.apache.catalina.core.ApplicationFilterChain.internalDoFilter(ApplicationFilterChain.java:189)
	at org.apache.catalina.core.ApplicationFilterChain.doFilter(ApplicationFilterChain.java:162)
	at org.springframework.web.filter.FormContentFilter.doFilterInternal(FormContentFilter.java:93)
	at org.springframework.web.filter.OncePerRequestFilter.doFilter(OncePerRequestFilter.java:119)
	at org.apache.catalina.core.ApplicationFilterChain.internalDoFilter(ApplicationFilterChain.java:189)
	at org.apache.catalina.core.ApplicationFilterChain.doFilter(ApplicationFilterChain.java:162)
	at org.springframework.web.filter.CharacterEncodingFilter.doFilterInternal(CharacterEncodingFilter.java:201)
	at org.springframework.web.filter.OncePerRequestFilter.doFilter(OncePerRequestFilter.java:119)
	at org.apache.catalina.core.ApplicationFilterChain.internalDoFilter(ApplicationFilterChain.java:189)
	at org.apache.catalina.core.ApplicationFilterChain.doFilter(ApplicationFilterChain.java:162)
	at org.apache.catalina.core.StandardWrapperValve.invoke(StandardWrapperValve.java:197)
	at org.apache.catalina.core.StandardContextValve.invoke(StandardContextValve.java:97)
	at org.apache.catalina.authenticator.AuthenticatorBase.invoke(AuthenticatorBase.java:540)
	at org.apache.catalina.core.StandardHostValve.invoke(StandardHostValve.java:135)
	at org.apache.catalina.valves.ErrorReportValve.invoke(ErrorReportValve.java:92)
	at org.apache.catalina.core.StandardEngineValve.invoke(StandardEngineValve.java:78)
	at org.apache.catalina.connector.CoyoteAdapter.service(CoyoteAdapter.java:357)
	at org.apache.coyote.http11.Http11Processor.service(Http11Processor.java:382)
	at org.apache.coyote.AbstractProcessorLight.process(AbstractProcessorLight.java:65)
	at org.apache.coyote.AbstractProtocol$ConnectionHandler.process(AbstractProtocol.java:895)
	at org.apache.tomcat.util.net.NioEndpoint$SocketProcessor.doRun(NioEndpoint.java:1722)
	at org.apache.tomcat.util.net.SocketProcessorBase.run(SocketProcessorBase.java:49)
	at org.apache.tomcat.util.threads.ThreadPoolExecutor.runWorker(ThreadPoolExecutor.java:1191)
	at org.apache.tomcat.util.threads.ThreadPoolExecutor$Worker.run(ThreadPoolExecutor.java:659)
	at org.apache.tomcat.util.threads.TaskThread$WrappingRunnable.run(TaskThread.java:61)
	at java.base/java.lang.Thread.run(Thread.java:829)
13:54:40.045 [ http-nio-8080-exec-4 ] ERROR o.a.c.c.C.[.[.[.[dispatcherServlet]com.dayone.exception.impl.UserNotFoundException: seul2 사용자가 존재하지 않습니다. 올바른 로그인 후 접근 권한이 필요합니다.
	at com.dayone.service.MemberService.lambda$loadUserByUsername$0(MemberService.java:30)
	at java.base/java.util.Optional.orElseThrow(Optional.java:408)
	at com.dayone.service.MemberService.loadUserByUsername(MemberService.java:30)
	at com.dayone.security.TokenProvider.getAuthentication(TokenProvider.java:54)
	at com.dayone.security.JwtAuthenticationFilter.doFilterInternal(JwtAuthenticationFilter.java:36)
	at org.springframework.web.filter.OncePerRequestFilter.doFilter(OncePerRequestFilter.java:119)
	at org.springframework.security.web.FilterChainProxy$VirtualFilterChain.doFilter(FilterChainProxy.java:336)
	at org.springframework.security.web.authentication.logout.LogoutFilter.doFilter(LogoutFilter.java:103)
	at org.springframework.security.web.authentication.logout.LogoutFilter.doFilter(LogoutFilter.java:89)
	at org.springframework.security.web.FilterChainProxy$VirtualFilterChain.doFilter(FilterChainProxy.java:336)
	at org.springframework.security.web.header.HeaderWriterFilter.doHeadersAfter(HeaderWriterFilter.java:90)
	at org.springframework.security.web.header.HeaderWriterFilter.doFilterInternal(HeaderWriterFilter.java:75)
	at org.springframework.web.filter.OncePerRequestFilter.doFilter(OncePerRequestFilter.java:119)
	at org.springframework.security.web.FilterChainProxy$VirtualFilterChain.doFilter(FilterChainProxy.java:336)
	at org.springframework.security.web.context.SecurityContextPersistenceFilter.doFilter(SecurityContextPersistenceFilter.java:110)
	at org.springframework.security.web.context.SecurityContextPersistenceFilter.doFilter(SecurityContextPersistenceFilter.java:80)
	at org.springframework.security.web.FilterChainProxy$VirtualFilterChain.doFilter(FilterChainProxy.java:336)
	at org.springframework.security.web.context.request.async.WebAsyncManagerIntegrationFilter.doFilterInternal(WebAsyncManagerIntegrationFilter.java:55)
	at org.springframework.web.filter.OncePerRequestFilter.doFilter(OncePerRequestFilter.java:119)
	at org.springframework.security.web.FilterChainProxy$VirtualFilterChain.doFilter(FilterChainProxy.java:336)
	at org.springframework.security.web.FilterChainProxy.doFilterInternal(FilterChainProxy.java:211)
	at org.springframework.security.web.FilterChainProxy.doFilter(FilterChainProxy.java:183)
	at org.springframework.web.filter.DelegatingFilterProxy.invokeDelegate(DelegatingFilterProxy.java:358)
	at org.springframework.web.filter.DelegatingFilterProxy.doFilter(DelegatingFilterProxy.java:271)
	at org.apache.catalina.core.ApplicationFilterChain.internalDoFilter(ApplicationFilterChain.java:189)
	at org.apache.catalina.core.ApplicationFilterChain.doFilter(ApplicationFilterChain.java:162)
	at org.springframework.web.filter.RequestContextFilter.doFilterInternal(RequestContextFilter.java:100)
	at org.springframework.web.filter.OncePerRequestFilter.doFilter(OncePerRequestFilter.java:119)
	at org.apache.catalina.core.ApplicationFilterChain.internalDoFilter(ApplicationFilterChain.java:189)
	at org.apache.catalina.core.ApplicationFilterChain.doFilter(ApplicationFilterChain.java:162)
	at org.springframework.web.filter.FormContentFilter.doFilterInternal(FormContentFilter.java:93)
	at org.springframework.web.filter.OncePerRequestFilter.doFilter(OncePerRequestFilter.java:119)
	at org.apache.catalina.core.ApplicationFilterChain.internalDoFilter(ApplicationFilterChain.java:189)
	at org.apache.catalina.core.ApplicationFilterChain.doFilter(ApplicationFilterChain.java:162)
	at org.springframework.web.filter.CharacterEncodingFilter.doFilterInternal(CharacterEncodingFilter.java:201)
	at org.springframework.web.filter.OncePerRequestFilter.doFilter(OncePerRequestFilter.java:119)
	at org.apache.catalina.core.ApplicationFilterChain.internalDoFilter(ApplicationFilterChain.java:189)
	at org.apache.catalina.core.ApplicationFilterChain.doFilter(ApplicationFilterChain.java:162)
	at org.apache.catalina.core.StandardWrapperValve.invoke(StandardWrapperValve.java:197)
	at org.apache.catalina.core.StandardContextValve.invoke(StandardContextValve.java:97)
	at org.apache.catalina.authenticator.AuthenticatorBase.invoke(AuthenticatorBase.java:540)
	at org.apache.catalina.core.StandardHostValve.invoke(StandardHostValve.java:135)
	at org.apache.catalina.valves.ErrorReportValve.invoke(ErrorReportValve.java:92)
	at org.apache.catalina.core.StandardEngineValve.invoke(StandardEngineValve.java:78)
	at org.apache.catalina.connector.CoyoteAdapter.service(CoyoteAdapter.java:357)
	at org.apache.coyote.http11.Http11Processor.service(Http11Processor.java:382)
	at org.apache.coyote.AbstractProcessorLight.process(AbstractProcessorLight.java:65)
	at org.apache.coyote.AbstractProtocol$ConnectionHandler.process(AbstractProtocol.java:895)
	at org.apache.tomcat.util.net.NioEndpoint$SocketProcessor.doRun(NioEndpoint.java:1722)
	at org.apache.tomcat.util.net.SocketProcessorBase.run(SocketProcessorBase.java:49)
	at org.apache.tomcat.util.threads.ThreadPoolExecutor.runWorker(ThreadPoolExecutor.java:1191)
	at org.apache.tomcat.util.threads.ThreadPoolExecutor$Worker.run(ThreadPoolExecutor.java:659)
	at org.apache.tomcat.util.threads.TaskThread$WrappingRunnable.run(TaskThread.java:61)
	at java.base/java.lang.Thread.run(Thread.java:829)
13:55:17.636 [ http-nio-8080-exec-6 ] INFO  c.d.webcontroller.AuthController13:55:19.847 [ http-nio-8080-exec-7 ] INFO  c.d.webcontroller.AuthController13:55:22.674 [ http-nio-8080-exec-8 ] INFO  c.d.security.JwtAuthenticationFilter